This is pdfTeX, Version 3.1415926-2.4-1.40.13 (MiKTeX 2.9 64-bit) (preloaded format=pdflatex 2013.11.8)  16 APR 2014 11:17
entering extended mode
**project1.tex
("C:\Users\HP PC\Documents\Cal Project\project1.tex"
LaTeX2e <2011/06/27>
Babel <v3.8m> and hyphenation patterns for english, afrikaans, ancientgreek, ar
abic, armenian, assamese, basque, bengali, bokmal, bulgarian, catalan, coptic, 
croatian, czech, danish, dutch, esperanto, estonian, farsi, finnish, french, ga
lician, german, german-x-2012-05-30, greek, gujarati, hindi, hungarian, iceland
ic, indonesian, interlingua, irish, italian, kannada, kurmanji, latin, latvian,
 lithuanian, malayalam, marathi, mongolian, mongolianlmc, monogreek, ngerman, n
german-x-2012-05-30, nynorsk, oriya, panjabi, pinyin, polish, portuguese, roman
ian, russian, sanskrit, serbian, slovak, slovenian, spanish, swedish, swissgerm
an, tamil, telugu, turkish, turkmen, ukenglish, ukrainian, uppersorbian, usengl
ishmax, welsh, loaded.
("C:\Program Files\MiKTeX 2.9\tex\latex\base\report.cls"
Document Class: report 2007/10/19 v1.4h Standard LaTeX document class
("C:\Program Files\MiKTeX 2.9\tex\latex\base\size10.clo"
File: size10.clo 2007/10/19 v1.4h Standard LaTeX file (size option)
)
\c@part=\count79
\c@chapter=\count80
\c@section=\count81
\c@subsection=\count82
\c@subsubsection=\count83
\c@paragraph=\count84
\c@subparagraph=\count85
\c@figure=\count86
\c@table=\count87
\abovecaptionskip=\skip41
\belowcaptionskip=\skip42
\bibindent=\dimen102
)
("C:\Program Files\MiKTeX 2.9\tex\latex\amsmath\amsmath.sty"
Package: amsmath 2013/01/14 v2.14 AMS math features
\@mathmargin=\skip43

For additional information on amsmath, use the `?' option.
("C:\Program Files\MiKTeX 2.9\tex\latex\amsmath\amstext.sty"
Package: amstext 2000/06/29 v2.01

("C:\Program Files\MiKTeX 2.9\tex\latex\amsmath\amsgen.sty"
File: amsgen.sty 1999/11/30 v2.0
\@emptytoks=\toks14
\ex@=\dimen103
))
("C:\Program Files\MiKTeX 2.9\tex\latex\amsmath\amsbsy.sty"
Package: amsbsy 1999/11/29 v1.2d
\pmbraise@=\dimen104
)
("C:\Program Files\MiKTeX 2.9\tex\latex\amsmath\amsopn.sty"
Package: amsopn 1999/12/14 v2.01 operator names
)
\inf@bad=\count88
LaTeX Info: Redefining \frac on input line 210.
\uproot@=\count89
\leftroot@=\count90
LaTeX Info: Redefining \overline on input line 306.
\classnum@=\count91
\DOTSCASE@=\count92
LaTeX Info: Redefining \ldots on input line 378.
LaTeX Info: Redefining \dots on input line 381.
LaTeX Info: Redefining \cdots on input line 466.
\Mathstrutbox@=\box26
\strutbox@=\box27
\big@size=\dimen105
LaTeX Font Info:    Redeclaring font encoding OML on input line 566.
LaTeX Font Info:    Redeclaring font encoding OMS on input line 567.
\macc@depth=\count93
\c@MaxMatrixCols=\count94
\dotsspace@=\muskip10
\c@parentequation=\count95
\dspbrk@lvl=\count96
\tag@help=\toks15
\row@=\count97
\column@=\count98
\maxfields@=\count99
\andhelp@=\toks16
\eqnshift@=\dimen106
\alignsep@=\dimen107
\tagshift@=\dimen108
\tagwidth@=\dimen109
\totwidth@=\dimen110
\lineht@=\dimen111
\@envbody=\toks17
\multlinegap=\skip44
\multlinetaggap=\skip45
\mathdisplay@stack=\toks18
LaTeX Info: Redefining \[ on input line 2665.
LaTeX Info: Redefining \] on input line 2666.
)
("C:\Program Files\MiKTeX 2.9\tex\latex\amsfonts\amsfonts.sty"
Package: amsfonts 2013/01/14 v3.01 Basic AMSFonts support
\symAMSa=\mathgroup4
\symAMSb=\mathgroup5
LaTeX Font Info:    Overwriting math alphabet `\mathfrak' in version `bold'
(Font)                  U/euf/m/n --> U/euf/b/n on input line 106.
)
("C:\Program Files\MiKTeX 2.9\tex\latex\amsfonts\amssymb.sty"
Package: amssymb 2013/01/14 v3.01 AMS font symbols
)
("C:\Program Files\MiKTeX 2.9\tex\latex\graphics\graphicx.sty"
Package: graphicx 1999/02/16 v1.0f Enhanced LaTeX Graphics (DPC,SPQR)

("C:\Program Files\MiKTeX 2.9\tex\latex\graphics\keyval.sty"
Package: keyval 1999/03/16 v1.13 key=value parser (DPC)
\KV@toks@=\toks19
)
("C:\Program Files\MiKTeX 2.9\tex\latex\graphics\graphics.sty"
Package: graphics 2009/02/05 v1.0o Standard LaTeX Graphics (DPC,SPQR)

("C:\Program Files\MiKTeX 2.9\tex\latex\graphics\trig.sty"
Package: trig 1999/03/16 v1.09 sin cos tan (DPC)
)
("C:\Program Files\MiKTeX 2.9\tex\latex\00miktex\graphics.cfg"
File: graphics.cfg 2007/01/18 v1.5 graphics configuration of teTeX/TeXLive
)
Package graphics Info: Driver file: pdftex.def on input line 91.

("C:\Program Files\MiKTeX 2.9\tex\latex\pdftex-def\pdftex.def"
File: pdftex.def 2011/05/27 v0.06d Graphics/color for pdfTeX

("C:\Program Files\MiKTeX 2.9\tex\generic\oberdiek\infwarerr.sty"
Package: infwarerr 2010/04/08 v1.3 Providing info/warning/error messages (HO)
)
("C:\Program Files\MiKTeX 2.9\tex\generic\oberdiek\ltxcmds.sty"
Package: ltxcmds 2011/11/09 v1.22 LaTeX kernel commands for general use (HO)
)
\Gread@gobject=\count100
))
\Gin@req@height=\dimen112
\Gin@req@width=\dimen113
)
("C:\Program Files\MiKTeX 2.9\tex\latex\wrapfig\wrapfig.sty"
\wrapoverhang=\dimen114
\WF@size=\dimen115
\c@WF@wrappedlines=\count101
\WF@box=\box28
\WF@everypar=\toks20
Package: wrapfig 2003/01/31  v 3.6
)
("C:\Program Files\MiKTeX 2.9\tex\latex\enumitem\enumitem.sty"
Package: enumitem 2011/09/28 v3.5.2 Customized lists
\labelindent=\skip46
\enit@outerparindent=\dimen116
\enit@toks=\toks21
\enit@inbox=\box29
\enitdp@description=\count102
)
("C:\Users\HP PC\AppData\Roaming\MiKTeX\2.9\tex\latex\listings\listings.sty"
\lst@mode=\count103
\lst@gtempboxa=\box30
\lst@token=\toks22
\lst@length=\count104
\lst@currlwidth=\dimen117
\lst@column=\count105
\lst@pos=\count106
\lst@lostspace=\dimen118
\lst@width=\dimen119
\lst@newlines=\count107
\lst@lineno=\count108
\lst@maxwidth=\dimen120

("C:\Users\HP PC\AppData\Roaming\MiKTeX\2.9\tex\latex\listings\lstmisc.sty"
File: lstmisc.sty 2013/08/26 1.5b (Carsten Heinz)
\c@lstnumber=\count109
\lst@skipnumbers=\count110
\lst@framebox=\box31
)
("C:\Users\HP PC\AppData\Roaming\MiKTeX\2.9\tex\latex\listings\listings.cfg"
File: listings.cfg 2013/08/26 1.5b listings configuration
))
Package: listings 2013/08/26 1.5b (Carsten Heinz)


LaTeX Warning: Unused global option(s):
    [15pt].

("C:\Users\HP PC\Documents\Cal Project\project1.aux")
LaTeX Font Info:    Checking defaults for OML/cmm/m/it on input line 11.
LaTeX Font Info:    ... okay on input line 11.
LaTeX Font Info:    Checking defaults for T1/cmr/m/n on input line 11.
LaTeX Font Info:    ... okay on input line 11.
LaTeX Font Info:    Checking defaults for OT1/cmr/m/n on input line 11.
LaTeX Font Info:    ... okay on input line 11.
LaTeX Font Info:    Checking defaults for OMS/cmsy/m/n on input line 11.
LaTeX Font Info:    ... okay on input line 11.
LaTeX Font Info:    Checking defaults for OMX/cmex/m/n on input line 11.
LaTeX Font Info:    ... okay on input line 11.
LaTeX Font Info:    Checking defaults for U/cmr/m/n on input line 11.
LaTeX Font Info:    ... okay on input line 11.

("C:\Program Files\MiKTeX 2.9\tex\context\base\supp-pdf.mkii"
[Loading MPS to PDF converter (version 2006.09.02).]
\scratchcounter=\count111
\scratchdimen=\dimen121
\scratchbox=\box32
\nofMPsegments=\count112
\nofMParguments=\count113
\everyMPshowfont=\toks23
\MPscratchCnt=\count114
\MPscratchDim=\dimen122
\MPnumerator=\count115
\makeMPintoPDFobject=\count116
\everyMPtoPDFconversion=\toks24
)
\c@lstlisting=\count117
LaTeX Font Info:    Try loading font information for U+msa on input line 12.
 ("C:\Program Files\MiKTeX 2.9\tex\latex\amsfonts\umsa.fd"
File: umsa.fd 2013/01/14 v3.01 AMS symbols A
)
LaTeX Font Info:    Try loading font information for U+msb on input line 12.

("C:\Program Files\MiKTeX 2.9\tex\latex\amsfonts\umsb.fd"
File: umsb.fd 2013/01/14 v3.01 AMS symbols B
) [1

{C:/Users/HP PC/AppData/Local/MiKTeX/2.9/pdftex/config/pdftex.map}]
Missing character: There is no â in font cmr10!
Missing character: There is no € in font cmr10!
Missing character: There is no ™ in font cmr10!
Missing character: There is no â in font cmr10!
Missing character: There is no € in font cmr10!
Missing character: There is no ™ in font cmr10!

Underfull \hbox (badness 10000) in paragraph at lines 14--18

 []


Underfull \hbox (badness 10000) in paragraph at lines 14--18

 []

[1]
Missing character: There is no â in font cmr10!
Missing character: There is no € in font cmr10!
Missing character: There is no ™ in font cmr10!
Missing character: There is no â in font cmr10!
Missing character: There is no € in font cmr10!
Missing character: There is no ™ in font cmr10!

Underfull \hbox (badness 10000) in paragraph at lines 20--23

 []

[2]
Missing character: There is no â in font cmr10!
Missing character: There is no € in font cmr10!
Missing character: There is no ™ in font cmr10!

Underfull \hbox (badness 10000) in paragraph at lines 25--32

 []


Underfull \hbox (badness 10000) in paragraph at lines 25--32

 []


Underfull \hbox (badness 10000) in paragraph at lines 25--32

 []


Underfull \hbox (badness 10000) in paragraph at lines 33--41

 []


Underfull \hbox (badness 10000) in paragraph at lines 33--41

 []


Underfull \hbox (badness 10000) in paragraph at lines 33--41

 []


Underfull \hbox (badness 10000) in paragraph at lines 33--41

 []


Underfull \hbox (badness 10000) in paragraph at lines 33--41

 []


Underfull \hbox (badness 10000) in paragraph at lines 33--41

 []


Underfull \hbox (badness 10000) in paragraph at lines 33--41

 []


Underfull \hbox (badness 10000) in paragraph at lines 33--41

 []


Underfull \hbox (badness 10000) in paragraph at lines 33--41

 []


Underfull \hbox (badness 10000) in paragraph at lines 33--41

 []

<1.png, id=15, 395.97937pt x 295.1025pt>
File: 1.png Graphic file (type png)
 <use 1.png>
Package pdftex.def Info: 1.png used on input line 45.
(pdftex.def)             Requested size: 345.0pt x 257.11533pt.

Underfull \hbox (badness 10000) in paragraph at lines 42--55

 []


Underfull \hbox (badness 10000) in paragraph at lines 42--55

 []


Underfull \hbox (badness 10000) in paragraph at lines 42--55

 []


Underfull \hbox (badness 10000) in paragraph at lines 42--55

 []


Underfull \hbox (badness 10000) in paragraph at lines 42--55

 []


Underfull \hbox (badness 10000) in paragraph at lines 42--55

 []


Underfull \hbox (badness 10000) in paragraph at lines 42--55

 []


Underfull \hbox (badness 10000) in paragraph at lines 42--55

 []


Underfull \hbox (badness 10000) in paragraph at lines 42--55

 []

[3] [4 <C:/Users/HP PC/Documents/Cal Project/1.png>]
Underfull \hbox (badness 10000) in paragraph at lines 60--66

 []


Underfull \hbox (badness 10000) in paragraph at lines 60--66

 []

LaTeX Font Info:    Try loading font information for OMS+cmr on input line 66.
("C:\Program Files\MiKTeX 2.9\tex\latex\base\omscmr.fd"
File: omscmr.fd 1999/05/25 v2.5h Standard LaTeX font definitions
)
LaTeX Font Info:    Font shape `OMS/cmr/m/n' in size <10> not available
(Font)              Font shape `OMS/cmsy/m/n' tried instead on input line 66.

Underfull \hbox (badness 10000) in paragraph at lines 73--74

 []


Underfull \hbox (badness 10000) in paragraph at lines 73--74

 []

[5] <3.png, id=34, 417.81094pt x 317.68687pt>
File: 3.png Graphic file (type png)
 <use 3.png>
Package pdftex.def Info: 3.png used on input line 81.
(pdftex.def)             Requested size: 276.00105pt x 209.87271pt.
Missing character: There is no â in font cmr10!
Missing character: There is no € in font cmr10!
Missing character: There is no ™ in font cmr10!

<4.png, id=35, 1021.56656pt x 491.58656pt>
File: 4.png Graphic file (type png)
 <use 4.png>
Package pdftex.def Info: 4.png used on input line 102.
(pdftex.def)             Requested size: 413.99895pt x 199.21898pt.

Overfull \hbox (68.99895pt too wide) in paragraph at lines 102--103
 [][] 
 []

Missing character: There is no â in font cmr10!
Missing character: There is no € in font cmr10!
Missing character: There is no ™ in font cmr10!

Underfull \hbox (badness 10000) in paragraph at lines 76--121

 []


Underfull \hbox (badness 10000) in paragraph at lines 76--121

 []


Underfull \hbox (badness 10000) in paragraph at lines 76--121

 []


Underfull \hbox (badness 10000) in paragraph at lines 76--121

 []


Underfull \hbox (badness 10000) in paragraph at lines 76--121

 []


Underfull \hbox (badness 10000) in paragraph at lines 76--121

 []


Underfull \hbox (badness 10000) in paragraph at lines 76--121

 []


Underfull \hbox (badness 10000) in paragraph at lines 76--121

 []


Underfull \hbox (badness 10000) in paragraph at lines 76--121

 []


Underfull \hbox (badness 10000) in paragraph at lines 76--121

 []


Underfull \hbox (badness 10000) in paragraph at lines 76--121

 []


Underfull \hbox (badness 10000) in paragraph at lines 76--121

 []


Underfull \hbox (badness 10000) in paragraph at lines 76--121

 []


Underfull \hbox (badness 10000) in paragraph at lines 76--121

 []


Underfull \hbox (badness 10000) in paragraph at lines 76--121

 []


Underfull \hbox (badness 10000) in paragraph at lines 76--121

 []


Underfull \hbox (badness 10000) in paragraph at lines 76--121

 []


Underfull \hbox (badness 10000) in paragraph at lines 76--121

 []


Underfull \hbox (badness 10000) in paragraph at lines 76--121

 []


Underfull \hbox (badness 10000) in paragraph at lines 76--121

 []


Underfull \hbox (badness 10000) in paragraph at lines 76--121

 []


Underfull \hbox (badness 10000) in paragraph at lines 76--121

 []


Underfull \hbox (badness 10000) in paragraph at lines 76--121

 []


Underfull \hbox (badness 10000) in paragraph at lines 76--121

 []


Underfull \hbox (badness 10000) in paragraph at lines 76--121

 []


Underfull \hbox (badness 10000) in paragraph at lines 76--121

 []


Underfull \hbox (badness 10000) in paragraph at lines 76--121

 []


Underfull \hbox (badness 10000) in paragraph at lines 76--121

 []


Underfull \hbox (badness 10000) in paragraph at lines 76--121

 []


Underfull \hbox (badness 10000) in paragraph at lines 76--121

 []

[6 <C:/Users/HP PC/Documents/Cal Project/3.png>] [7 <C:/Users/HP PC/Documents/C
al Project/4.png>] [8]
Underfull \hbox (badness 10000) in paragraph at lines 126--136

 []


Underfull \hbox (badness 10000) in paragraph at lines 126--136

 []


Underfull \hbox (badness 10000) in paragraph at lines 126--136

 []


Underfull \hbox (badness 10000) in paragraph at lines 126--136

 []


Underfull \hbox (badness 10000) in paragraph at lines 137--148

 []


Underfull \hbox (badness 10000) in paragraph at lines 137--148

 []


Underfull \hbox (badness 10000) in paragraph at lines 137--148

 []


Underfull \hbox (badness 10000) in paragraph at lines 137--148

 []


Underfull \hbox (badness 10000) in paragraph at lines 137--148

 []


Underfull \hbox (badness 10000) in paragraph at lines 137--148

 []


Underfull \hbox (badness 10000) in paragraph at lines 137--148

 []

[9]
Underfull \hbox (badness 10000) in paragraph at lines 149--154

 []


Underfull \hbox (badness 10000) in paragraph at lines 149--154

 []


Underfull \hbox (badness 10000) in paragraph at lines 149--154

 []


Underfull \hbox (badness 10000) in paragraph at lines 149--154

 []


Underfull \hbox (badness 10000) in paragraph at lines 161--162

 []


Underfull \hbox (badness 10000) in paragraph at lines 162--168

 []


Underfull \hbox (badness 10000) in paragraph at lines 162--168

 []

[10]
Underfull \hbox (badness 10000) in paragraph at lines 172--174

 []


Underfull \hbox (badness 10000) in paragraph at lines 172--174

 []


Underfull \hbox (badness 10000) in paragraph at lines 175--184

 []


Underfull \hbox (badness 10000) in paragraph at lines 175--184

 []


Underfull \hbox (badness 10000) in paragraph at lines 175--184

 []

Missing character: There is no â in font cmr10!
Missing character: There is no € in font cmr10!
Missing character: There is no “ in font cmr10!

Underfull \hbox (badness 10000) in paragraph at lines 188--199

 []


Underfull \hbox (badness 10000) in paragraph at lines 188--199

 []


Underfull \hbox (badness 10000) in paragraph at lines 188--199

 []

[11]
Underfull \hbox (badness 10000) in paragraph at lines 200--223

 []


Underfull \hbox (badness 10000) in paragraph at lines 200--223

 []


Underfull \hbox (badness 10000) in paragraph at lines 200--223

 []


Underfull \hbox (badness 10000) in paragraph at lines 200--223

 []


Underfull \hbox (badness 10000) in paragraph at lines 200--223

 []


Underfull \hbox (badness 10000) in paragraph at lines 200--223

 []


Underfull \hbox (badness 10000) in paragraph at lines 200--223

 []


Underfull \hbox (badness 10000) in paragraph at lines 200--223

 []


Underfull \hbox (badness 10000) in paragraph at lines 200--223

 []


Underfull \hbox (badness 10000) in paragraph at lines 200--223

 []


Underfull \hbox (badness 10000) in paragraph at lines 200--223

 []


Underfull \hbox (badness 10000) in paragraph at lines 200--223

 []


Underfull \hbox (badness 10000) in paragraph at lines 200--223

 []

[12] [13]
Overfull \hbox (7.17122pt too wide) in paragraph at lines 224--224
[]\OT1/cmr/bx/n/14.4 Using Oc-tave as Math-e-mat-i-cal Com-pu-ta-tional tool 
 []


Underfull \hbox (badness 10000) in paragraph at lines 225--226

 []

[14]
Underfull \hbox (badness 10000) in paragraph at lines 230--231

 []

[15] [16] [17] ("C:\Users\HP PC\Documents\Cal Project\project1.aux") ) 
Here is how much of TeX's memory you used:
 3621 strings out of 493921
 48720 string characters out of 3147282
 110253 words of memory out of 3000000
 6891 multiletter control sequences out of 15000+200000
 15001 words of font info for 58 fonts, out of 3000000 for 9000
 841 hyphenation exceptions out of 8191
 27i,6n,32p,954b,231s stack positions out of 5000i,500n,10000p,200000b,50000s
<C:/Progr
am Files/MiKTeX 2.9/fonts/type1/public/amsfonts/cm/cmbx10.pfb><C:/Program Files
/MiKTeX 2.9/fonts/type1/public/amsfonts/cm/cmbx12.pfb><C:/Program Files/MiKTeX 
2.9/fonts/type1/public/amsfonts/cm/cmbxti10.pfb><C:/Program Files/MiKTeX 2.9/fo
nts/type1/public/amsfonts/cm/cmmi10.pfb><C:/Program Files/MiKTeX 2.9/fonts/type
1/public/amsfonts/cm/cmmi12.pfb><C:/Program Files/MiKTeX 2.9/fonts/type1/public
/amsfonts/cm/cmmi5.pfb><C:/Program Files/MiKTeX 2.9/fonts/type1/public/amsfonts
/cm/cmmi7.pfb><C:/Program Files/MiKTeX 2.9/fonts/type1/public/amsfonts/cm/cmr10
.pfb><C:/Program Files/MiKTeX 2.9/fonts/type1/public/amsfonts/cm/cmr12.pfb><C:/
Program Files/MiKTeX 2.9/fonts/type1/public/amsfonts/cm/cmr17.pfb><C:/Program F
iles/MiKTeX 2.9/fonts/type1/public/amsfonts/cm/cmr7.pfb><C:/Program Files/MiKTe
X 2.9/fonts/type1/public/amsfonts/cm/cmr8.pfb><C:/Program Files/MiKTeX 2.9/font
s/type1/public/amsfonts/cm/cmsy10.pfb><C:/Program Files/MiKTeX 2.9/fonts/type1/
public/amsfonts/cm/cmsy7.pfb><C:/Program Files/MiKTeX 2.9/fonts/type1/public/am
sfonts/cm/cmsy8.pfb><C:/Program Files/MiKTeX 2.9/fonts/type1/public/amsfonts/cm
/cmti10.pfb>
Output written on project1.pdf (18 pages, 253707 bytes).
PDF statistics:
 129 PDF objects out of 1000 (max. 8388607)
 0 named destinations out of 1000 (max. 500000)
 16 words of extra memory for PDF output out of 10000 (max. 10000000)

